/Users/fussy/.rbenv/versions/2.2.4/bin/ruby -r ./siteconf20180410-11912-19cnpzo.rb extconf.rb --with-opt-lib=/usr/local/opt/openssl/lib --with-opt-include=-I/usr/local/opt/openssl/include
checking for ruby/thread.h... yes
checking for rb_thread_call_without_gvl() in ruby/thread.h... yes
checking for rb_thread_blocking_region()... no
checking for rb_wait_for_single_fd()... yes
checking for rb_hash_dup()... yes
checking for rb_intern3()... yes
-----
Using mysql_config at /usr/local/bin/mysql_config
-----
checking for mysql.h... yes
checking for errmsg.h... yes
checking for mysqld_error.h... yes
-----
Setting rpath to /usr/local/Cellar/mysql/5.7.17/lib
-----
creating Makefile

make "DESTDIR=" clean

make "DESTDIR="
compiling client.c
compiling infile.c
compiling mysql2_ext.c
compiling result.c
compiling statement.c
linking shared-object mysql2/mysql2.bundle

make "DESTDIR=" install
/usr/bin/install -c -m 0755 mysql2.bundle ./.gem.20180410-11912-mtfral/mysql2
